[12/05/20 06:05 PM ]Both license storage C:\Users\12415\AppData\Roaming\Embarcadero\.licenses\.cg_license and backup file are missing. Will create new ones.
[12/05/20 06:05 PM ]----------------------------------------
[12/05/20 06:05 PM ]Operating System: Windows
[12/05/20 06:05 PM ]Current User: 12415
[12/05/20 06:05 PM ]System Registration Key: 15611903
[12/05/20 06:05 PM ]User Lock: c:\users\1241512415
[12/05/20 06:05 PM ]
[12/05/20 06:05 PM ]----------------------------------------
[12/06/20 02:40 PM ]----------------------------------------
[12/06/20 02:40 PM ]Operating System: Windows
[12/06/20 02:40 PM ]Current User: 12415
[12/06/20 02:40 PM ]System Registration Key: 15611903
[12/06/20 02:40 PM ]User Lock: c:\users\1241512415
[12/06/20 02:40 PM ]
[12/06/20 02:40 PM ]----------------------------------------
[12/07/20 02:06 PM ]----------------------------------------
[12/07/20 02:06 PM ]Operating System: Windows
[12/07/20 02:06 PM ]Current User: 12415
[12/07/20 02:06 PM ]System Registration Key: 15611903
[12/07/20 02:06 PM ]User Lock: c:\users\1241512415
[12/07/20 02:06 PM ]
[12/07/20 02:06 PM ]----------------------------------------
[12/07/20 02:13 PM ]----------------------------------------
[12/07/20 02:13 PM ]Operating System: Windows
[12/07/20 02:13 PM ]Current User: 12415
[12/07/20 02:13 PM ]System Registration Key: 15611903
[12/07/20 02:13 PM ]User Lock: c:\users\1241512415
[12/07/20 02:13 PM ]
[12/07/20 02:13 PM ]----------------------------------------
[12/09/20 02:40 AM ]----------------------------------------
[12/09/20 02:40 AM ]Operating System: Windows
[12/09/20 02:40 AM ]Current User: 12415
[12/09/20 02:40 AM ]System Registration Key: 15611903
[12/09/20 02:40 AM ]User Lock: c:\users\1241512415
[12/09/20 02:40 AM ]
[12/09/20 02:40 AM ]----------------------------------------
[12/09/20 02:43 AM ]----------------------------------------
[12/09/20 02:43 AM ]Operating System: Windows
[12/09/20 02:43 AM ]Current User: 12415
[12/09/20 02:43 AM ]System Registration Key: 15611903
[12/09/20 02:43 AM ]User Lock: c:\users\1241512415
[12/09/20 02:43 AM ]
[12/09/20 02:43 AM ]----------------------------------------
[12/09/20 05:58 PM ]----------------------------------------
[12/09/20 05:58 PM ]Operating System: Windows
[12/09/20 05:58 PM ]Current User: 12415
[12/09/20 05:58 PM ]System Registration Key: 15611903
[12/09/20 05:58 PM ]User Lock: c:\users\1241512415
[12/09/20 05:58 PM ]
[12/09/20 05:58 PM ]----------------------------------------
[12/09/20 05:59 PM ]----------------------------------------
[12/09/20 05:59 PM ]Operating System: Windows
[12/09/20 05:59 PM ]Current User: 12415
[12/09/20 05:59 PM ]System Registration Key: 15611903
[12/09/20 05:59 PM ]User Lock: c:\users\1241512415
[12/09/20 05:59 PM ]
[12/09/20 05:59 PM ]----------------------------------------
[12/09/20 08:33 PM ]----------------------------------------
[12/09/20 08:33 PM ]Operating System: Windows
[12/09/20 08:33 PM ]Current User: 12415
[12/09/20 08:33 PM ]System Registration Key: 15611903
[12/09/20 08:33 PM ]User Lock: c:\users\1241512415
[12/09/20 08:33 PM ]
[12/09/20 08:33 PM ]----------------------------------------
[12/10/20 02:33 上午 ]----------------------------------------
[12/10/20 02:33 上午 ]Operating System: Windows
[12/10/20 02:33 上午 ]Current User: 12415
[12/10/20 02:33 上午 ]System Registration Key: 15611903
[12/10/20 02:33 上午 ]User Lock: c:\users\1241512415
[12/10/20 02:33 上午 ]
[12/10/20 02:33 上午 ]----------------------------------------
[12/11/20 05:27 PM ]Both license storage C:\Users\12415\AppData\Roaming\Embarcadero\.licenses\.cg_license and backup file are missing. Will create new ones.
[12/11/20 05:27 PM ]----------------------------------------
[12/11/20 05:27 PM ]Operating System: Windows
[12/11/20 05:27 PM ]Current User: 12415
[12/11/20 05:27 PM ]System Registration Key: 6160895
[12/11/20 05:27 PM ]User Lock: c:\users\1241512415
[12/11/20 05:27 PM ]
[12/11/20 05:27 PM ]----------------------------------------
[12/11/20 05:44 PM ]----------------------------------------
[12/11/20 05:44 PM ]Operating System: Windows
[12/11/20 05:44 PM ]Current User: 12415
[12/11/20 05:44 PM ]System Registration Key: 6160895
[12/11/20 05:44 PM ]User Lock: c:\users\1241512415
[12/11/20 05:44 PM ]
[12/11/20 05:44 PM ]----------------------------------------
[12/11/20 06:18 PM ]----------------------------------------
[12/11/20 06:18 PM ]Operating System: Windows
[12/11/20 06:18 PM ]Current User: 12415
[12/11/20 06:18 PM ]System Registration Key: 6160895
[12/11/20 06:18 PM ]User Lock: c:\users\1241512415
[12/11/20 06:18 PM ]
[12/11/20 06:18 PM ]----------------------------------------
[12/11/20 06:19 PM ]----------------------------------------
[12/11/20 06:19 PM ]Operating System: Windows
[12/11/20 06:19 PM ]Current User: 12415
[12/11/20 06:19 PM ]System Registration Key: 6160895
[12/11/20 06:19 PM ]User Lock: c:\users\1241512415
[12/11/20 06:19 PM ]
[12/11/20 06:19 PM ]----------------------------------------
[12/11/20 06:41 PM ]----------------------------------------
[12/11/20 06:41 PM ]Operating System: Windows
[12/11/20 06:41 PM ]Current User: 12415
[12/11/20 06:41 PM ]System Registration Key: 6160895
[12/11/20 06:41 PM ]User Lock: c:\users\1241512415
[12/11/20 06:41 PM ]
[12/11/20 06:41 PM ]----------------------------------------
[12/12/20 02:48 PM ]----------------------------------------
[12/12/20 02:48 PM ]Operating System: Windows
[12/12/20 02:48 PM ]Current User: 12415
[12/12/20 02:48 PM ]System Registration Key: 6160895
[12/12/20 02:48 PM ]User Lock: c:\users\1241512415
[12/12/20 02:48 PM ]
[12/12/20 02:48 PM ]----------------------------------------
[12/13/20 04:57 PM ]----------------------------------------
[12/13/20 04:57 PM ]Operating System: Windows
[12/13/20 04:57 PM ]Current User: 12415
[12/13/20 04:57 PM ]System Registration Key: 6160895
[12/13/20 04:57 PM ]User Lock: c:\users\1241512415
[12/13/20 04:57 PM ]
[12/13/20 04:57 PM ]----------------------------------------
[12/13/20 06:05 PM ]----------------------------------------
[12/13/20 06:05 PM ]Operating System: Windows
[12/13/20 06:05 PM ]Current User: 12415
[12/13/20 06:05 PM ]System Registration Key: 6160895
[12/13/20 06:05 PM ]User Lock: c:\users\1241512415
[12/13/20 06:05 PM ]
[12/13/20 06:05 PM ]----------------------------------------
[12/15/20 03:34 PM ]----------------------------------------
[12/15/20 03:34 PM ]Operating System: Windows
[12/15/20 03:34 PM ]Current User: 12415
[12/15/20 03:34 PM ]System Registration Key: 6160895
[12/15/20 03:34 PM ]User Lock: c:\users\1241512415
[12/15/20 03:34 PM ]
[12/15/20 03:34 PM ]----------------------------------------
[12/17/20 11:24 PM ]----------------------------------------
[12/17/20 11:24 PM ]Operating System: Windows
[12/17/20 11:24 PM ]Current User: 12415
[12/17/20 11:24 PM ]System Registration Key: 6160895
[12/17/20 11:24 PM ]User Lock: c:\users\1241512415
[12/17/20 11:24 PM ]
[12/17/20 11:24 PM ]----------------------------------------
[12/19/20 05:35 PM ]----------------------------------------
[12/19/20 05:35 PM ]Operating System: Windows
[12/19/20 05:35 PM ]Current User: 12415
[12/19/20 05:35 PM ]System Registration Key: 6160895
[12/19/20 05:35 PM ]User Lock: c:\users\1241512415
[12/19/20 05:35 PM ]
[12/19/20 05:35 PM ]----------------------------------------
[12/19/20 06:34 PM ]----------------------------------------
[12/19/20 06:34 PM ]Operating System: Windows
[12/19/20 06:34 PM ]Current User: 12415
[12/19/20 06:34 PM ]System Registration Key: 6160895
[12/19/20 06:34 PM ]User Lock: c:\users\1241512415
[12/19/20 06:34 PM ]
[12/19/20 06:34 PM ]----------------------------------------
[12/19/20 06:54 PM ]----------------------------------------
[12/19/20 06:54 PM ]Operating System: Windows
[12/19/20 06:54 PM ]Current User: 12415
[12/19/20 06:54 PM ]System Registration Key: 6160895
[12/19/20 06:54 PM ]User Lock: c:\users\1241512415
[12/19/20 06:54 PM ]
[12/19/20 06:54 PM ]----------------------------------------
[12/19/20 06:54 PM ]----------------------------------------
[12/19/20 06:54 PM ]Operating System: Windows
[12/19/20 06:54 PM ]Current User: 12415
[12/19/20 06:54 PM ]System Registration Key: 6160895
[12/19/20 06:54 PM ]User Lock: c:\users\1241512415
[12/19/20 06:54 PM ]
[12/19/20 06:54 PM ]----------------------------------------
[12/19/20 07:15 PM ]----------------------------------------
[12/19/20 07:15 PM ]Operating System: Windows
[12/19/20 07:15 PM ]Current User: 12415
[12/19/20 07:15 PM ]System Registration Key: 6160895
[12/19/20 07:15 PM ]User Lock: c:\users\1241512415
[12/19/20 07:15 PM ]
[12/19/20 07:15 PM ]----------------------------------------
[12/19/20 11:43 PM ]----------------------------------------
[12/19/20 11:43 PM ]Operating System: Windows
[12/19/20 11:43 PM ]Current User: 12415
[12/19/20 11:43 PM ]System Registration Key: 6160895
[12/19/20 11:43 PM ]User Lock: c:\users\1241512415
[12/19/20 11:43 PM ]
[12/19/20 11:43 PM ]----------------------------------------
[12/20/20 12:25 AM ]----------------------------------------
[12/20/20 12:25 AM ]Operating System: Windows
[12/20/20 12:25 AM ]Current User: 12415
[12/20/20 12:25 AM ]System Registration Key: 6160895
[12/20/20 12:25 AM ]User Lock: c:\users\1241512415
[12/20/20 12:25 AM ]
[12/20/20 12:25 AM ]----------------------------------------
[12/20/20 10:59 AM ]----------------------------------------
[12/20/20 10:59 AM ]Operating System: Windows
[12/20/20 10:59 AM ]Current User: 12415
[12/20/20 10:59 AM ]System Registration Key: 6160895
[12/20/20 10:59 AM ]User Lock: c:\users\1241512415
[12/20/20 10:59 AM ]
[12/20/20 10:59 AM ]----------------------------------------
[12/20/20 01:22 PM ]----------------------------------------
[12/20/20 01:22 PM ]Operating System: Windows
[12/20/20 01:22 PM ]Current User: 12415
[12/20/20 01:22 PM ]System Registration Key: 6160895
[12/20/20 01:22 PM ]User Lock: c:\users\1241512415
[12/20/20 01:22 PM ]
[12/20/20 01:22 PM ]----------------------------------------
[12/20/20 02:00 PM ]----------------------------------------
[12/20/20 02:00 PM ]Operating System: Windows
[12/20/20 02:00 PM ]Current User: 12415
[12/20/20 02:00 PM ]System Registration Key: 6160895
[12/20/20 02:00 PM ]User Lock: c:\users\1241512415
[12/20/20 02:00 PM ]
[12/20/20 02:00 PM ]----------------------------------------
[12/20/20 02:58 PM ]----------------------------------------
[12/20/20 02:58 PM ]Operating System: Windows
[12/20/20 02:58 PM ]Current User: 12415
[12/20/20 02:58 PM ]System Registration Key: 6160895
[12/20/20 02:58 PM ]User Lock: c:\users\1241512415
[12/20/20 02:58 PM ]
[12/20/20 02:58 PM ]----------------------------------------
[12/21/20 11:51 PM ]----------------------------------------
[12/21/20 11:51 PM ]Operating System: Windows
[12/21/20 11:51 PM ]Current User: 12415
[12/21/20 11:51 PM ]System Registration Key: 6160895
[12/21/20 11:51 PM ]User Lock: c:\users\1241512415
[12/21/20 11:51 PM ]
[12/21/20 11:51 PM ]----------------------------------------
[12/21/20 11:59 PM ]----------------------------------------
[12/21/20 11:59 PM ]Operating System: Windows
[12/21/20 11:59 PM ]Current User: 12415
[12/21/20 11:59 PM ]System Registration Key: 6160895
[12/21/20 11:59 PM ]User Lock: c:\users\1241512415
[12/21/20 11:59 PM ]
[12/21/20 11:59 PM ]----------------------------------------
[12/22/20 07:57 PM ]----------------------------------------
[12/22/20 07:57 PM ]Operating System: Windows
[12/22/20 07:57 PM ]Current User: 12415
[12/22/20 07:57 PM ]System Registration Key: 6160895
[12/22/20 07:57 PM ]User Lock: c:\users\1241512415
[12/22/20 07:57 PM ]
[12/22/20 07:57 PM ]----------------------------------------
[12/24/20 06:54 PM ]----------------------------------------
[12/24/20 06:54 PM ]Operating System: Windows
[12/24/20 06:54 PM ]Current User: 12415
[12/24/20 06:54 PM ]System Registration Key: 6160895
[12/24/20 06:54 PM ]User Lock: c:\users\1241512415
[12/24/20 06:54 PM ]
[12/24/20 06:54 PM ]----------------------------------------
[12/27/20 11:58 PM ]----------------------------------------
[12/27/20 11:58 PM ]Operating System: Windows
[12/27/20 11:58 PM ]Current User: 12415
[12/27/20 11:58 PM ]System Registration Key: 6160895
[12/27/20 11:58 PM ]User Lock: c:\users\1241512415
[12/27/20 11:58 PM ]
[12/27/20 11:58 PM ]----------------------------------------
[12/28/20 09:14 AM ]----------------------------------------
[12/28/20 09:14 AM ]Operating System: Windows
[12/28/20 09:14 AM ]Current User: 12415
[12/28/20 09:14 AM ]System Registration Key: 6160895
[12/28/20 09:14 AM ]User Lock: c:\users\1241512415
[12/28/20 09:14 AM ]
[12/28/20 09:14 AM ]----------------------------------------
[12/28/20 10:24 PM ]----------------------------------------
[12/28/20 10:24 PM ]Operating System: Windows
[12/28/20 10:24 PM ]Current User: 12415
[12/28/20 10:24 PM ]System Registration Key: 6160895
[12/28/20 10:24 PM ]User Lock: c:\users\1241512415
[12/28/20 10:24 PM ]
[12/28/20 10:24 PM ]----------------------------------------
[12/28/20 10:45 PM ]----------------------------------------
[12/28/20 10:45 PM ]Operating System: Windows
[12/28/20 10:45 PM ]Current User: 12415
[12/28/20 10:45 PM ]System Registration Key: 6160895
[12/28/20 10:45 PM ]User Lock: c:\users\1241512415
[12/28/20 10:45 PM ]
[12/28/20 10:45 PM ]----------------------------------------
[12/28/20 10:52 PM ]----------------------------------------
[12/28/20 10:52 PM ]Operating System: Windows
[12/28/20 10:52 PM ]Current User: 12415
[12/28/20 10:52 PM ]System Registration Key: 6160895
[12/28/20 10:52 PM ]User Lock: c:\users\1241512415
[12/28/20 10:52 PM ]
[12/28/20 10:52 PM ]----------------------------------------
[12/29/20 10:06 PM ]----------------------------------------
[12/29/20 10:06 PM ]Operating System: Windows
[12/29/20 10:06 PM ]Current User: 12415
[12/29/20 10:06 PM ]System Registration Key: 6160895
[12/29/20 10:06 PM ]User Lock: c:\users\1241512415
[12/29/20 10:06 PM ]
[12/29/20 10:06 PM ]----------------------------------------
[12/31/20 05:53 PM ]----------------------------------------
[12/31/20 05:53 PM ]Operating System: Windows
[12/31/20 05:53 PM ]Current User: 12415
[12/31/20 05:53 PM ]System Registration Key: 6160895
[12/31/20 05:53 PM ]User Lock: c:\users\1241512415
[12/31/20 05:53 PM ]
[12/31/20 05:53 PM ]----------------------------------------
[12/31/20 05:55 PM ]----------------------------------------
[12/31/20 05:55 PM ]Operating System: Windows
[12/31/20 05:55 PM ]Current User: 12415
[12/31/20 05:55 PM ]System Registration Key: 6160895
[12/31/20 05:55 PM ]User Lock: c:\users\1241512415
[12/31/20 05:55 PM ]
[12/31/20 05:55 PM ]----------------------------------------
[01/01/21 10:23 PM ]----------------------------------------
[01/01/21 10:23 PM ]Operating System: Windows
[01/01/21 10:23 PM ]Current User: 12415
[01/01/21 10:23 PM ]System Registration Key: 6160895
[01/01/21 10:23 PM ]User Lock: c:\users\1241512415
[01/01/21 10:23 PM ]
[01/01/21 10:23 PM ]----------------------------------------
[01/02/21 04:19 PM ]----------------------------------------
[01/02/21 04:19 PM ]Operating System: Windows
[01/02/21 04:19 PM ]Current User: 12415
[01/02/21 04:19 PM ]System Registration Key: 6160895
[01/02/21 04:19 PM ]User Lock: c:\users\1241512415
[01/02/21 04:19 PM ]
[01/02/21 04:19 PM ]----------------------------------------
[01/02/21 04:46 PM ]----------------------------------------
[01/02/21 04:46 PM ]Operating System: Windows
[01/02/21 04:46 PM ]Current User: 12415
[01/02/21 04:46 PM ]System Registration Key: 6160895
[01/02/21 04:46 PM ]User Lock: c:\users\1241512415
[01/02/21 04:46 PM ]
[01/02/21 04:46 PM ]----------------------------------------
[01/06/21 07:03 PM ]----------------------------------------
[01/06/21 07:03 PM ]Operating System: Windows
[01/06/21 07:03 PM ]Current User: 12415
[01/06/21 07:03 PM ]System Registration Key: 6160895
[01/06/21 07:03 PM ]User Lock: c:\users\1241512415
[01/06/21 07:03 PM ]
[01/06/21 07:03 PM ]----------------------------------------
[01/08/21 07:36 PM ]----------------------------------------
[01/08/21 07:36 PM ]Operating System: Windows
[01/08/21 07:36 PM ]Current User: 12415
[01/08/21 07:36 PM ]System Registration Key: 6160895
[01/08/21 07:36 PM ]User Lock: c:\users\1241512415
[01/08/21 07:36 PM ]
[01/08/21 07:36 PM ]----------------------------------------
[01/09/21 12:31 PM ]----------------------------------------
[01/09/21 12:31 PM ]Operating System: Windows
[01/09/21 12:31 PM ]Current User: 12415
[01/09/21 12:31 PM ]System Registration Key: 6160895
[01/09/21 12:31 PM ]User Lock: c:\users\1241512415
[01/09/21 12:31 PM ]
[01/09/21 12:31 PM ]----------------------------------------
[01/10/21 01:40 PM ]----------------------------------------
[01/10/21 01:40 PM ]Operating System: Windows
[01/10/21 01:40 PM ]Current User: 12415
[01/10/21 01:40 PM ]System Registration Key: 6160895
[01/10/21 01:40 PM ]User Lock: c:\users\1241512415
[01/10/21 01:40 PM ]
[01/10/21 01:40 PM ]----------------------------------------
[01/11/21 06:34 PM ]----------------------------------------
[01/11/21 06:34 PM ]Operating System: Windows
[01/11/21 06:34 PM ]Current User: 12415
[01/11/21 06:34 PM ]System Registration Key: 6160895
[01/11/21 06:34 PM ]User Lock: c:\users\1241512415
[01/11/21 06:34 PM ]
[01/11/21 06:34 PM ]----------------------------------------
[01/12/21 12:08 PM ]----------------------------------------
[01/12/21 12:08 PM ]Operating System: Windows
[01/12/21 12:08 PM ]Current User: 12415
[01/12/21 12:08 PM ]System Registration Key: 6160895
[01/12/21 12:08 PM ]User Lock: c:\users\1241512415
[01/12/21 12:08 PM ]
[01/12/21 12:08 PM ]----------------------------------------
[01/13/21 06:01 PM ]----------------------------------------
[01/13/21 06:01 PM ]Operating System: Windows
[01/13/21 06:01 PM ]Current User: 12415
[01/13/21 06:01 PM ]System Registration Key: 6160895
[01/13/21 06:01 PM ]User Lock: c:\users\1241512415
[01/13/21 06:01 PM ]
[01/13/21 06:01 PM ]----------------------------------------
[01/13/21 06:15 PM ]----------------------------------------
[01/13/21 06:15 PM ]Operating System: Windows
[01/13/21 06:15 PM ]Current User: 12415
[01/13/21 06:15 PM ]System Registration Key: 6160895
[01/13/21 06:15 PM ]User Lock: c:\users\1241512415
[01/13/21 06:15 PM ]
[01/13/21 06:15 PM ]----------------------------------------
[01/14/21 09:28 PM ]----------------------------------------
[01/14/21 09:28 PM ]Operating System: Windows
[01/14/21 09:28 PM ]Current User: 12415
[01/14/21 09:28 PM ]System Registration Key: 6160895
[01/14/21 09:28 PM ]User Lock: c:\users\1241512415
[01/14/21 09:28 PM ]
[01/14/21 09:28 PM ]----------------------------------------
[01/15/21 06:15 PM ]----------------------------------------
[01/15/21 06:15 PM ]Operating System: Windows
[01/15/21 06:15 PM ]Current User: 12415
[01/15/21 06:15 PM ]System Registration Key: 6160895
[01/15/21 06:15 PM ]User Lock: c:\users\1241512415
[01/15/21 06:15 PM ]
[01/15/21 06:15 PM ]----------------------------------------
[01/16/21 11:56 AM ]----------------------------------------
[01/16/21 11:56 AM ]Operating System: Windows
[01/16/21 11:56 AM ]Current User: 12415
[01/16/21 11:56 AM ]System Registration Key: 6160895
[01/16/21 11:56 AM ]User Lock: c:\users\1241512415
[01/16/21 11:56 AM ]
[01/16/21 11:56 AM ]----------------------------------------
[01/19/21 12:26 PM ]----------------------------------------
[01/19/21 12:26 PM ]Operating System: Windows
[01/19/21 12:26 PM ]Current User: 12415
[01/19/21 12:26 PM ]System Registration Key: 6160895
[01/19/21 12:26 PM ]User Lock: c:\users\1241512415
[01/19/21 12:26 PM ]
[01/19/21 12:26 PM ]----------------------------------------
[01/22/21 04:38 PM ]----------------------------------------
[01/22/21 04:38 PM ]Operating System: Windows
[01/22/21 04:38 PM ]Current User: 12415
[01/22/21 04:38 PM ]System Registration Key: 6160895
[01/22/21 04:38 PM ]User Lock: c:\users\1241512415
[01/22/21 04:38 PM ]
[01/22/21 04:38 PM ]----------------------------------------
[01/23/21 06:18 PM ]----------------------------------------
[01/23/21 06:18 PM ]Operating System: Windows
[01/23/21 06:18 PM ]Current User: 12415
[01/23/21 06:18 PM ]System Registration Key: 6160895
[01/23/21 06:18 PM ]User Lock: c:\users\1241512415
[01/23/21 06:18 PM ]
[01/23/21 06:18 PM ]----------------------------------------
[01/25/21 05:33 PM ]----------------------------------------
[01/25/21 05:33 PM ]Operating System: Windows
[01/25/21 05:33 PM ]Current User: 12415
[01/25/21 05:33 PM ]System Registration Key: 6160895
[01/25/21 05:33 PM ]User Lock: c:\users\1241512415
[01/25/21 05:33 PM ]
[01/25/21 05:33 PM ]----------------------------------------
[01/27/21 03:00 PM ]----------------------------------------
[01/27/21 03:00 PM ]Operating System: Windows
[01/27/21 03:00 PM ]Current User: 12415
[01/27/21 03:00 PM ]System Registration Key: 6160895
[01/27/21 03:00 PM ]User Lock: c:\users\1241512415
[01/27/21 03:00 PM ]
[01/27/21 03:00 PM ]----------------------------------------
[01/28/21 05:02 PM ]----------------------------------------
[01/28/21 05:02 PM ]Operating System: Windows
[01/28/21 05:02 PM ]Current User: 12415
[01/28/21 05:02 PM ]System Registration Key: 6160895
[01/28/21 05:02 PM ]User Lock: c:\users\1241512415
[01/28/21 05:02 PM ]
[01/28/21 05:02 PM ]----------------------------------------
[02/04/21 03:54 PM ]----------------------------------------
[02/04/21 03:54 PM ]Operating System: Windows
[02/04/21 03:54 PM ]Current User: 12415
[02/04/21 03:54 PM ]System Registration Key: 6160895
[02/04/21 03:54 PM ]User Lock: c:\users\1241512415
[02/04/21 03:54 PM ]
[02/04/21 03:54 PM ]----------------------------------------
[02/04/21 04:54 PM ]----------------------------------------
[02/04/21 04:54 PM ]Operating System: Windows
[02/04/21 04:54 PM ]Current User: 12415
[02/04/21 04:54 PM ]System Registration Key: 6160895
[02/04/21 04:54 PM ]User Lock: c:\users\1241512415
[02/04/21 04:54 PM ]
[02/04/21 04:54 PM ]----------------------------------------
[02/04/21 05:30 PM ]----------------------------------------
[02/04/21 05:30 PM ]Operating System: Windows
[02/04/21 05:30 PM ]Current User: 12415
[02/04/21 05:30 PM ]System Registration Key: 6160895
[02/04/21 05:30 PM ]User Lock: c:\users\1241512415
[02/04/21 05:30 PM ]
[02/04/21 05:30 PM ]----------------------------------------
